[2012-01-27 10:53:56] security.INFO: Populated SecurityContext with an anonymous Token [] []
[2012-01-27 10:54:02] request.ERROR: Symfony\Component\HttpKernel\Exception\NotFoundHttpException: No route found for "GET /bundles/sonatajquery/jquery-1.7.1.js" (uncaught exception) at D:\proyectos\fansworld\vendor\symfony\src\Symfony\Bundle\FrameworkBundle\EventListener\RouterListener.php line 83 [] []
[2012-01-27 10:54:04] security.INFO: Populated SecurityContext with an anonymous Token [] []
[2012-01-27 10:54:04] request.ERROR: Symfony\Component\HttpKernel\Exception\NotFoundHttpException: No route found for "GET /bundles/sonatajquery/jquery-ui-1.8.17.js" (uncaught exception) at D:\proyectos\fansworld\vendor\symfony\src\Symfony\Bundle\FrameworkBundle\EventListener\RouterListener.php line 83 [] []
[2012-01-27 10:54:04] security.INFO: Populated SecurityContext with an anonymous Token [] []
[2012-01-27 10:54:04] request.ERROR: Symfony\Component\HttpKernel\Exception\NotFoundHttpException: No route found for "GET /bundles/sonataadmin/bootstrap/bootstrap.min.css" (uncaught exception) at D:\proyectos\fansworld\vendor\symfony\src\Symfony\Bundle\FrameworkBundle\EventListener\RouterListener.php line 83 [] []
[2012-01-27 10:54:08] security.INFO: Populated SecurityContext with an anonymous Token [] []
[2012-01-27 10:54:08] request.ERROR: Symfony\Component\HttpKernel\Exception\NotFoundHttpException: No route found for "GET /bundles/sonatajquery/themes/flick/jquery-ui-1.8.16.custom.css" (uncaught exception) at D:\proyectos\fansworld\vendor\symfony\src\Symfony\Bundle\FrameworkBundle\EventListener\RouterListener.php line 83 [] []
[2012-01-27 10:54:09] security.INFO: Populated SecurityContext with an anonymous Token [] []
[2012-01-27 10:54:09] request.ERROR: Symfony\Component\HttpKernel\Exception\NotFoundHttpException: No route found for "GET /bundles/sonataadmin/css/colors.css" (uncaught exception) at D:\proyectos\fansworld\vendor\symfony\src\Symfony\Bundle\FrameworkBundle\EventListener\RouterListener.php line 83 [] []
[2012-01-27 10:54:10] security.INFO: Populated SecurityContext with an anonymous Token [] []
[2012-01-27 10:54:10] request.ERROR: Symfony\Component\HttpKernel\Exception\NotFoundHttpException: No route found for "GET /bundles/sonatajquery/jquery-ui-i18n.js" (uncaught exception) at D:\proyectos\fansworld\vendor\symfony\src\Symfony\Bundle\FrameworkBundle\EventListener\RouterListener.php line 83 [] []
[2012-01-27 10:54:10] security.INFO: Populated SecurityContext with an anonymous Token [] []
[2012-01-27 10:54:10] request.ERROR: Symfony\Component\HttpKernel\Exception\NotFoundHttpException: No route found for "GET /bundles/sonataadmin/bootstrap/js/bootstrap-twipsy.js" (uncaught exception) at D:\proyectos\fansworld\app\cache\prod\classes.php line 4560 [] []
[2012-01-27 10:54:10] security.INFO: Populated SecurityContext with an anonymous Token [] []
[2012-01-27 10:54:10] request.ERROR: Symfony\Component\HttpKernel\Exception\NotFoundHttpException: No route found for "GET /bundles/sonataadmin/bootstrap/js/bootstrap-modal.js" (uncaught exception) at D:\proyectos\fansworld\vendor\symfony\src\Symfony\Bundle\FrameworkBundle\EventListener\RouterListener.php line 83 [] []
[2012-01-27 10:54:11] security.INFO: Populated SecurityContext with an anonymous Token [] []
[2012-01-27 10:54:11] request.ERROR: Symfony\Component\HttpKernel\Exception\NotFoundHttpException: No route found for "GET /bundles/sonataadmin/bootstrap/js/bootstrap-tabs.js" (uncaught exception) at D:\proyectos\fansworld\vendor\symfony\src\Symfony\Bundle\FrameworkBundle\EventListener\RouterListener.php line 83 [] []
[2012-01-27 10:54:11] security.INFO: Populated SecurityContext with an anonymous Token [] []
[2012-01-27 10:54:11] request.ERROR: Symfony\Component\HttpKernel\Exception\NotFoundHttpException: No route found for "GET /bundles/sonataadmin/bootstrap/js/bootstrap-alerts.js" (uncaught exception) at D:\proyectos\fansworld\vendor\symfony\src\Symfony\Bundle\FrameworkBundle\EventListener\RouterListener.php line 83 [] []
[2012-01-27 10:54:11] security.INFO: Populated SecurityContext with an anonymous Token [] []
[2012-01-27 10:54:11] request.ERROR: Symfony\Component\HttpKernel\Exception\NotFoundHttpException: No route found for "GET /bundles/sonataadmin/bootstrap/js/bootstrap-popover.js" (uncaught exception) at D:\proyectos\fansworld\app\cache\prod\classes.php line 4560 [] []
[2012-01-27 10:54:12] security.INFO: Populated SecurityContext with an anonymous Token [] []
[2012-01-27 10:54:12] request.ERROR: Symfony\Component\HttpKernel\Exception\NotFoundHttpException: No route found for "GET /bundles/sonataadmin/bootstrap/js/bootstrap-scrollspy.js" (uncaught exception) at D:\proyectos\fansworld\app\cache\prod\classes.php line 4560 [] []
[2012-01-27 10:54:12] security.INFO: Populated SecurityContext with an anonymous Token [] []
[2012-01-27 10:54:12] request.ERROR: Symfony\Component\HttpKernel\Exception\NotFoundHttpException: No route found for "GET /bundles/sonataadmin/bootstrap/js/bootstrap-dropdown.js" (uncaught exception) at D:\proyectos\fansworld\app\cache\prod\classes.php line 4560 [] []
[2012-01-27 10:54:12] security.INFO: Populated SecurityContext with an anonymous Token [] []
[2012-01-27 10:54:12] request.ERROR: Symfony\Component\HttpKernel\Exception\NotFoundHttpException: No route found for "GET /bundles/sonataadmin/qtip/jquery.qtip-1.0.0-rc3.min.js" (uncaught exception) at D:\proyectos\fansworld\app\cache\prod\classes.php line 4560 [] []
[2012-01-27 10:54:12] security.INFO: Populated SecurityContext with an anonymous Token [] []
[2012-01-27 10:54:12] request.ERROR: Symfony\Component\HttpKernel\Exception\NotFoundHttpException: No route found for "GET /bundles/sonataadmin/jquery/jquery.form.js" (uncaught exception) at D:\proyectos\fansworld\app\cache\prod\classes.php line 4560 [] []
[2012-01-27 10:54:13] security.INFO: Populated SecurityContext with an anonymous Token [] []
[2012-01-27 10:54:13] request.ERROR: Symfony\Component\HttpKernel\Exception\NotFoundHttpException: No route found for "GET /bundles/sonataadmin/base.js" (uncaught exception) at D:\proyectos\fansworld\app\cache\prod\classes.php line 4560 [] []
[2012-01-27 10:54:13] security.INFO: Populated SecurityContext with an anonymous Token [] []
[2012-01-27 10:54:13] request.ERROR: Symfony\Component\HttpKernel\Exception\NotFoundHttpException: No route found for "GET /bundles/sonataadmin/logo_title.png" (uncaught exception) at D:\proyectos\fansworld\app\cache\prod\classes.php line 4560 [] []
